Running: C:\Xilinx\14.7\ISE_DS\ISE\bin\nt64\unwrapped\fuse.exe -intstyle ise -incremental -lib unisims_ver -lib unimacro_ver -lib xilinxcorelib_ver -o D:/Xilinx/Xilinx/lab6/lab6/laser_surgery_sys_isim_beh.exe -prj D:/Xilinx/Xilinx/lab6/lab6/laser_surgery_sys_beh.prj work.laser_surgery_sys work.glbl 
ISim P.20131013 (signature 0x7708f090)
Number of CPUs detected in this system: 12
Turning on mult-threading, number of parallel sub-compilation jobs: 24 
Determining compilation order of HDL files
Analyzing Verilog file "D:/Xilinx/Xilinx/lab6/lab6/partc.v" into library work
Analyzing Verilog file "C:/Xilinx/14.7/ISE_DS/ISE//verilog/src/glbl.v" into library work
Starting static elaboration
WARNING:HDLCompiler:189 - "D:/Xilinx/Xilinx/lab6/lab6/partc.v" Line 198: Size mismatch in connection of port <b>. Formal port size is 32-bit while actual signal size is 16-bit.
WARNING:HDLCompiler:189 - "D:/Xilinx/Xilinx/lab6/lab6/partc.v" Line 199: Size mismatch in connection of port <cin>. Formal port size is 1-bit while actual signal size is 16-bit.
Completed static elaboration
Compiling module fulladder_st
Compiling module addergen_st(NBITS=32)
Compiling module comparatorgen_st(NBITS=32)
Compiling module adder(NBITS=32)
Compiling module flopr(NBITS=32)
Compiling module timer_st(NBITS=32)
Compiling module laser_surgery_sys
Compiling module glbl
Time Resolution for simulation is 1ps.
Waiting for 1 sub-compilation(s) to finish...
WARNING:Simulator - Unable to copy libPortabilityNOSH.dll to the simulation executable directory: boost::filesystem::copy_file: The system cannot find the path specified, "isim\laser_surgery_sys_isim_beh.exe.sim\libPortability.dll".
Compiled 8 Verilog Units
Built simulation executable D:/Xilinx/Xilinx/lab6/lab6/laser_surgery_sys_isim_beh.exe
Fuse Memory Usage: 27768 KB
Fuse CPU Usage: 468 ms
