Release 14.7 - xst P.20131013 (nt)
Copyright (c) 1995-2013 Xilinx, Inc.  All rights reserved.
--> Parameter TMPDIR set to xst/projnav.tmp


Total REAL time to Xst completion: 0.00 secs
Total CPU time to Xst completion: 0.29 secs
 
--> Parameter xsthdpdir set to xst


Total REAL time to Xst completion: 0.00 secs
Total CPU time to Xst completion: 0.29 secs
 
--> Reading design: laser_surgery_sys.prj

TABLE OF CONTENTS
  1) Synthesis Options Summary
  2) HDL Compilation
  3) Design Hierarchy Analysis
  4) HDL Analysis
  5) HDL Synthesis
     5.1) HDL Synthesis Report
  6) Advanced HDL Synthesis
     6.1) Advanced HDL Synthesis Report
  7) Low Level Synthesis
  8) Partition Report
  9) Final Report
	9.1) Device utilization summary
	9.2) Partition Resource Summary
	9.3) TIMING REPORT


=========================================================================
*                      Synthesis Options Summary                        *
=========================================================================
---- Source Parameters
Input File Name                    : "laser_surgery_sys.prj"
Input Format                       : mixed
Ignore Synthesis Constraint File   : NO

---- Target Parameters
Output File Name                   : "laser_surgery_sys"
Output Format                      : NGC
Target Device                      : xc3s100e-4-cp132

---- Source Options
Top Module Name                    : laser_surgery_sys
Automatic FSM Extraction           : YES
FSM Encoding Algorithm             : Auto
Safe Implementation                : No
FSM Style                          : LUT
RAM Extraction                     : Yes
RAM Style                          : Auto
ROM Extraction                     : Yes
Mux Style                          : Auto
Decoder Extraction                 : YES
Priority Encoder Extraction        : Yes
Shift Register Extraction          : YES
Logical Shifter Extraction         : YES
XOR Collapsing                     : YES
ROM Style                          : Auto
Mux Extraction                     : Yes
Resource Sharing                   : YES
Asynchronous To Synchronous        : NO
Multiplier Style                   : Auto
Automatic Register Balancing       : No

---- Target Options
Add IO Buffers                     : YES
Global Maximum Fanout              : 100000
Add Generic Clock Buffer(BUFG)     : 24
Register Duplication               : YES
Slice Packing                      : YES
Optimize Instantiated Primitives   : NO
Use Clock Enable                   : Yes
Use Synchronous Set                : Yes
Use Synchronous Reset              : Yes
Pack IO Registers into IOBs        : Auto
Equivalent register Removal        : YES

---- General Options
Optimization Goal                  : Speed
Optimization Effort                : 1
Keep Hierarchy                     : No
Netlist Hierarchy                  : As_Optimized
RTL Output                         : Yes
Global Optimization                : AllClockNets
Read Cores                         : YES
Write Timing Constraints           : NO
Cross Clock Analysis               : NO
Hierarchy Separator                : /
Bus Delimiter                      : <>
Case Specifier                     : Maintain
Slice Utilization Ratio            : 100
BRAM Utilization Ratio             : 100
Verilog 2001                       : YES
Auto BRAM Packing                  : NO
Slice Utilization Ratio Delta      : 5

=========================================================================


=========================================================================
*                          HDL Compilation                              *
=========================================================================
Compiling verilog file "partc.v" in library work
Module <laser_surgery_sys> compiled
Module <flopr> compiled
Module <comparatorgen_st> compiled
Module <fulladder_st> compiled
Module <addergen_st> compiled
Module <adder> compiled
Module <timer_st> compiled
No errors in compilation
Analysis of file <"laser_surgery_sys.prj"> succeeded.
 

=========================================================================
*                     Design Hierarchy Analysis                         *
=========================================================================
Analyzing hierarchy for module <laser_surgery_sys> in library <work> with parameters.
	EWLANE = "00"
	NBITS = "00000000000000000000000000100000"
	NSLANE = "01"
	WALK = "10"

Analyzing hierarchy for module <timer_st> in library <work> with parameters.
	NBITS = "00000000000000000000000000100000"

Analyzing hierarchy for module <adder> in library <work> with parameters.
	NBITS = "00000000000000000000000000100000"

Analyzing hierarchy for module <flopr> in library <work> with parameters.
	NBITS = "00000000000000000000000000100000"

Analyzing hierarchy for module <addergen_st> in library <work> with parameters.
	NBITS = "00000000000000000000000000100000"

Analyzing hierarchy for module <comparatorgen_st> in library <work> with parameters.
	NBITS = "00000000000000000000000000100000"

Analyzing hierarchy for module <fulladder_st> in library <work>.


=========================================================================
*                            HDL Analysis                               *
=========================================================================
Analyzing top module <laser_surgery_sys>.
	EWLANE = 2'b00
	NBITS = 32'sb00000000000000000000000000100000
	NSLANE = 2'b01
	WALK = 2'b10
WARNING:Xst:905 - "partc.v" line 72: One or more signals are missing in the sensitivity list of always block. To enable synthesis of FPGA/CPLD hardware, XST will assume that all necessary signals are present in the sensitivity list. Please note that the result of the synthesis may differ from the initial design specification. The missing signals are:
   <timer>, <waitWalk>, <timer1>, <sCheck>
Module <laser_surgery_sys> is correct for synthesis.
 
Analyzing module <timer_st> in library <work>.
	NBITS = 32'sb00000000000000000000000000100000
Module <timer_st> is correct for synthesis.
 
Analyzing module <adder> in library <work>.
	NBITS = 32'sb00000000000000000000000000100000
Module <adder> is correct for synthesis.
 
Analyzing module <addergen_st> in library <work>.
	NBITS = 32'sb00000000000000000000000000100000
Module <addergen_st> is correct for synthesis.
 
Analyzing module <fulladder_st> in library <work>.
Module <fulladder_st> is correct for synthesis.
 
Analyzing module <comparatorgen_st> in library <work>.
	NBITS = 32'sb00000000000000000000000000100000
Module <comparatorgen_st> is correct for synthesis.
 
Analyzing module <flopr> in library <work>.
	NBITS = 32'sb00000000000000000000000000100000
Module <flopr> is correct for synthesis.
 

=========================================================================
*                           HDL Synthesis                               *
=========================================================================

Performing bidirectional port resolution...

Synthesizing Unit <flopr>.
    Related source file is "partc.v".
    Found 32-bit register for signal <iq>.
    Summary:
	inferred  32 D-type flip-flop(s).
Unit <flopr> synthesized.


Synthesizing Unit <comparatorgen_st>.
    Related source file is "partc.v".
    Found 32-bit xor2 for signal <iresult>.
Unit <comparatorgen_st> synthesized.


Synthesizing Unit <fulladder_st>.
    Related source file is "partc.v".
    Found 1-bit xor3 for signal <r>.
    Summary:
	inferred   1 Xor(s).
Unit <fulladder_st> synthesized.


Synthesizing Unit <addergen_st>.
    Related source file is "partc.v".
Unit <addergen_st> synthesized.


Synthesizing Unit <adder>.
    Related source file is "partc.v".
Unit <adder> synthesized.


Synthesizing Unit <timer_st>.
    Related source file is "partc.v".
Unit <timer_st> synthesized.


Synthesizing Unit <laser_surgery_sys>.
    Related source file is "partc.v".
INFO:Xst:2117 - HDL ADVISOR - Mux Selector <curr> of Case statement line 73 was re-encoded using one-hot encoding. The case statement will be optimized (default statement optimization), but this optimization may lead to design initialization problems. To ensure the design works safely, you can:
   	- add an 'INIT' attribute on signal <curr> (optimization is then done without any risk)
   	- use the attribute 'signal_encoding user' to avoid onehot optimization
   	- use the attribute 'safe_implementation yes' to force XST to perform a safe (but less efficient) optimization
    Using one-hot encoding for signal <curr>.
INFO:Xst:2117 - HDL ADVISOR - Mux Selector <curr> of Case statement line 73 was re-encoded using one-hot encoding. The case statement will be optimized (default statement optimization), but this optimization may lead to design initialization problems. To ensure the design works safely, you can:
   	- add an 'INIT' attribute on signal <curr> (optimization is then done without any risk)
   	- use the attribute 'signal_encoding user' to avoid onehot optimization
   	- use the attribute 'safe_implementation yes' to force XST to perform a safe (but less efficient) optimization
INFO:Xst:2117 - HDL ADVISOR - Mux Selector <curr> of Case statement line 73 was re-encoded using one-hot encoding. The case statement will be optimized (default statement optimization), but this optimization may lead to design initialization problems. To ensure the design works safely, you can:
   	- add an 'INIT' attribute on signal <curr> (optimization is then done without any risk)
   	- use the attribute 'signal_encoding user' to avoid onehot optimization
   	- use the attribute 'safe_implementation yes' to force XST to perform a safe (but less efficient) optimization
INFO:Xst:2117 - HDL ADVISOR - Mux Selector <curr> of Case statement line 73 was re-encoded using one-hot encoding. The case statement will be optimized (default statement optimization), but this optimization may lead to design initialization problems. To ensure the design works safely, you can:
   	- add an 'INIT' attribute on signal <curr> (optimization is then done without any risk)
   	- use the attribute 'signal_encoding user' to avoid onehot optimization
   	- use the attribute 'safe_implementation yes' to force XST to perform a safe (but less efficient) optimization
INFO:Xst:2117 - HDL ADVISOR - Mux Selector <curr> of Case statement line 73 was re-encoded using one-hot encoding. The case statement will be optimized (default statement optimization), but this optimization may lead to design initialization problems. To ensure the design works safely, you can:
   	- add an 'INIT' attribute on signal <curr> (optimization is then done without any risk)
   	- use the attribute 'signal_encoding user' to avoid onehot optimization
   	- use the attribute 'safe_implementation yes' to force XST to perform a safe (but less efficient) optimization
INFO:Xst:2117 - HDL ADVISOR - Mux Selector <curr> of Case statement line 73 was re-encoded using one-hot encoding. The case statement will be optimized (default statement optimization), but this optimization may lead to design initialization problems. To ensure the design works safely, you can:
   	- add an 'INIT' attribute on signal <curr> (optimization is then done without any risk)
   	- use the attribute 'signal_encoding user' to avoid onehot optimization
   	- use the attribute 'safe_implementation yes' to force XST to perform a safe (but less efficient) optimization
INFO:Xst:2117 - HDL ADVISOR - Mux Selector <curr> of Case statement line 73 was re-encoded using one-hot encoding. The case statement will be optimized (default statement optimization), but this optimization may lead to design initialization problems. To ensure the design works safely, you can:
   	- add an 'INIT' attribute on signal <curr> (optimization is then done without any risk)
   	- use the attribute 'signal_encoding user' to avoid onehot optimization
   	- use the attribute 'safe_implementation yes' to force XST to perform a safe (but less efficient) optimization
    Found 3-bit register for signal <curr>.
    Found 1-bit register for signal <sCheck>.
    Found 1-bit register for signal <waitWalk>.
    Summary:
	inferred   5 D-type flip-flop(s).
Unit <laser_surgery_sys> synthesized.


=========================================================================
HDL Synthesis Report

Macro Statistics
# Registers                                            : 5
 1-bit register                                        : 2
 3-bit register                                        : 1
 32-bit register                                       : 2
# Xors                                                 : 128
 1-bit xor2                                            : 64
 1-bit xor3                                            : 64

=========================================================================

=========================================================================
*                       Advanced HDL Synthesis                          *
=========================================================================


=========================================================================
Advanced HDL Synthesis Report

Macro Statistics
# Registers                                            : 69
 Flip-Flops                                            : 69
# Xors                                                 : 128
 1-bit xor2                                            : 64
 1-bit xor3                                            : 64

=========================================================================

=========================================================================
*                         Low Level Synthesis                           *
=========================================================================

Optimizing unit <laser_surgery_sys> ...

Optimizing unit <flopr> ...

Optimizing unit <addergen_st> ...

Optimizing unit <adder> ...

Mapping all equations...
Building and optimizing final netlist ...
Found area constraint ratio of 100 (+ 5) on block laser_surgery_sys, actual ratio is 9.

Final Macro Processing ...

=========================================================================
Final Register Report

Macro Statistics
# Registers                                            : 69
 Flip-Flops                                            : 69

=========================================================================

=========================================================================
*                           Partition Report                            *
=========================================================================

Partition Implementation Status
-------------------------------

  No Partitions were found in this design.

-------------------------------

=========================================================================
*                            Final Report                               *
=========================================================================
Final Results
RTL Top Level Output File Name     : laser_surgery_sys.ngr
Top Level Output File Name         : laser_surgery_sys
Output Format                      : NGC
Optimization Goal                  : Speed
Keep Hierarchy                     : No

Design Statistics
# IOs                              : 6

Cell Usage :
# BELS                             : 221
#      GND                         : 1
#      LUT2                        : 18
#      LUT2_D                      : 2
#      LUT2_L                      : 5
#      LUT3                        : 50
#      LUT3_D                      : 4
#      LUT3_L                      : 2
#      LUT4                        : 84
#      LUT4_D                      : 23
#      LUT4_L                      : 12
#      MUXCY                       : 16
#      MUXF5                       : 3
#      VCC                         : 1
# FlipFlops/Latches                : 69
#      FD                          : 2
#      FDR                         : 64
#      FDS                         : 1
#      FDSE                        : 2
# Clock Buffers                    : 1
#      BUFGP                       : 1
# IO Buffers                       : 5
#      IBUF                        : 1
#      OBUF                        : 4
=========================================================================

Device utilization summary:
---------------------------

Selected Device : 3s100ecp132-4 

 Number of Slices:                      106  out of    960    11%  
 Number of Slice Flip Flops:             69  out of   1920     3%  
 Number of 4 input LUTs:                200  out of   1920    10%  
 Number of IOs:                           6
 Number of bonded IOBs:                   6  out of     83     7%  
 Number of GCLKs:                         1  out of     24     4%  

---------------------------
Partition Resource Summary:
---------------------------

  No Partitions were found in this design.

---------------------------


=========================================================================
TIMING REPORT

NOTE: THESE TIMING NUMBERS ARE ONLY A SYNTHESIS ESTIMATE.
      FOR ACCURATE TIMING INFORMATION PLEASE REFER TO THE TRACE REPORT
      GENERATED AFTER PLACE-and-ROUTE.

Clock Information:
------------------
-----------------------------------+------------------------+-------+
Clock Signal                       | Clock buffer(FF name)  | Load  |
-----------------------------------+------------------------+-------+
clk                                | BUFGP                  | 69    |
-----------------------------------+------------------------+-------+

Asynchronous Control Signals Information:
----------------------------------------
No asynchronous control signals found in this design

Timing Summary:
---------------
Speed Grade: -4

   Minimum period: 11.585ns (Maximum Frequency: 86.317MHz)
   Minimum input arrival time before clock: 2.549ns
   Maximum output required time after clock: 4.914ns
   Maximum combinational path delay: No path found

Timing Detail:
--------------
All values displayed in nanoseconds (ns)

=========================================================================
Timing constraint: Default period analysis for Clock 'clk'
  Clock period: 11.585ns (frequency: 86.317MHz)
  Total number of paths / destination ports: 29274 / 135
-------------------------------------------------------------------------
Delay:               11.585ns (Levels of Logic = 12)
  Source:            timerst/c2/iq_10 (FF)
  Destination:       curr_1 (FF)
  Source Clock:      clk rising
  Destination Clock: clk rising

  Data Path: timerst/c2/iq_10 to curr_1
                                Gate     Net
    Cell:in->out      fanout   Delay   Delay  Logical Name (Net Name)
    ----------------------------------------  ------------
     FDR:C->Q              4   0.591   0.762  timerst/c2/iq_10 (timerst/c2/iq_10)
     LUT3:I0->O           10   0.704   0.917  timerst/c1/nextval/blk[9].FA/Mxor_r_xo<0>11_SW0 (N20)
     LUT3:I2->O            1   0.704   0.455  timerst/c1/nextval/blk[14].FA/Mxor_r_xo<0>11_SW1 (N82)
     LUT4:I2->O            1   0.704   0.455  timerst/c1/nextval/blk[27].FA/Mxor_r_xo<0>1_SW0_SW0 (N66)
     LUT4:I2->O            1   0.704   0.424  timerst/c1/comparator/r_wg_lut<2>_SW0 (N105)
     LUT4:I3->O            1   0.704   0.000  timerst/c1/comparator/r_wg_lut<2> (timerst/c1/comparator/r_wg_lut<2>)
     MUXCY:S->O            1   0.464   0.000  timerst/c1/comparator/r_wg_cy<2> (timerst/c1/comparator/r_wg_cy<2>)
     MUXCY:CI->O           1   0.059   0.000  timerst/c1/comparator/r_wg_cy<3> (timerst/c1/comparator/r_wg_cy<3>)
     MUXCY:CI->O           1   0.059   0.000  timerst/c1/comparator/r_wg_cy<4> (timerst/c1/comparator/r_wg_cy<4>)
     MUXCY:CI->O           1   0.059   0.000  timerst/c1/comparator/r_wg_cy<5> (timerst/c1/comparator/r_wg_cy<5>)
     MUXCY:CI->O           1   0.059   0.000  timerst/c1/comparator/r_wg_cy<6> (timerst/c1/comparator/r_wg_cy<6>)
     MUXCY:CI->O          35   0.459   1.267  timerst/c1/comparator/r_wg_cy<7> (timer)
     LUT4:I3->O            1   0.704   0.420  next<1>_SW0 (N4)
     FDS:S                     0.911          curr_1
    ----------------------------------------
    Total                     11.585ns (6.885ns logic, 4.700ns route)
                                       (59.4% logic, 40.6% route)

=========================================================================
Timing constraint: Default OFFSET IN BEFORE for Clock 'clk'
  Total number of paths / destination ports: 1 / 1
-------------------------------------------------------------------------
Offset:              2.549ns (Levels of Logic = 1)
  Source:            b (PAD)
  Destination:       waitWalk (FF)
  Destination Clock: clk rising

  Data Path: b to waitWalk
                                Gate     Net
    Cell:in->out      fanout   Delay   Delay  Logical Name (Net Name)
    ----------------------------------------  ------------
     IBUF:I->O             1   1.218   0.420  b_IBUF (b_IBUF)
     FDSE:S                    0.911          waitWalk
    ----------------------------------------
    Total                      2.549ns (2.129ns logic, 0.420ns route)
                                       (83.5% logic, 16.5% route)

=========================================================================
Timing constraint: Default OFFSET OUT AFTER for Clock 'clk'
  Total number of paths / destination ports: 4 / 4
-------------------------------------------------------------------------
Offset:              4.914ns (Levels of Logic = 1)
  Source:            curr_1 (FF)
  Destination:       SOUTH (PAD)
  Source Clock:      clk rising

  Data Path: curr_1 to SOUTH
                                Gate     Net
    Cell:in->out      fanout   Delay   Delay  Logical Name (Net Name)
    ----------------------------------------  ------------
     FDS:C->Q             17   0.591   1.051  curr_1 (curr_1)
     OBUF:I->O                 3.272          SOUTH_OBUF (SOUTH)
    ----------------------------------------
    Total                      4.914ns (3.863ns logic, 1.051ns route)
                                       (78.6% logic, 21.4% route)

=========================================================================


Total REAL time to Xst completion: 12.00 secs
Total CPU time to Xst completion: 12.03 secs
 
--> 

Total memory usage is 240308 kilobytes

Number of errors   :    0 (   0 filtered)
Number of warnings :    5 (   0 filtered)
Number of infos    :    7 (   0 filtered)

