Release 14.7 - ngc2edif P.20131013 (nt64)
Copyright (c) 1995-2013 Xilinx, Inc.  All rights reserved.
Reading design laser_surgery_sys.ngc ...
WARNING:NetListWriters:298 - No output is written to laser_surgery_sys.xncf,
   ignored.
Processing design ...
   Preping design's networks ...
   Preping design's macros ...
  finished :Prep
Writing EDIF netlist file laser_surgery_sys.edif ...
ngc2edif: Total memory usage is 4314252 kilobytes

Release 14.7 - ngc2edif P.20131013 (nt64)
Copyright (c) 1995-2013 Xilinx, Inc.  All rights reserved.
Reading design laser_surgery_sys.ngc ...
WARNING:NetListWriters:298 - No output is written to laser_surgery_sys.xncf,
   ignored.
Processing design ...
   Preping design's networks ...
   Preping design's macros ...
  finished :Prep
Writing EDIF netlist file laser_surgery_sys.edif ...
ngc2edif: Total memory usage is 4312796 kilobytes

